<?xml version="1.0" encoding="UTF-8"?>
<testsuite xmlns:xsi="http://www.w3.org/2001/XMLSchema-instance" xsi:noNamespaceSchemaLocation="https://maven.apache.org/surefire/maven-surefire-plugin/xsd/surefire-test-report.xsd" name="com.test.classes.TestPen" time="22.398" tests="14" errors="0" skipped="0" failures="5">
  <properties>
    <property name="sun.desktop" value="windows"/>
    <property name="awt.toolkit" value="sun.awt.windows.WToolkit"/>
    <property name="java.specification.version" value="10"/>
    <property name="file.encoding.pkg" value="sun.io"/>
    <property name="sun.cpu.isalist" value="amd64"/>
    <property name="sun.jnu.encoding" value="Cp1251"/>
    <property name="java.class.path" value="C:\IdeaProjects\testngmaven\target\test-classes;C:\IdeaProjects\testngmaven\target\classes;C:\Users\123\.m2\repository\org\testng\testng\6.14.3\testng-6.14.3.jar;C:\Users\123\.m2\repository\com\beust\jcommander\1.72\jcommander-1.72.jar;C:\Users\123\.m2\repository\org\apache-extras\beanshell\bsh\2.0b6\bsh-2.0b6.jar;C:\Users\123\.m2\repository\org\mockito\mockito-core\2.23.0\mockito-core-2.23.0.jar;C:\Users\123\.m2\repository\net\bytebuddy\byte-buddy\1.9.0\byte-buddy-1.9.0.jar;C:\Users\123\.m2\repository\net\bytebuddy\byte-buddy-agent\1.9.0\byte-buddy-agent-1.9.0.jar;C:\Users\123\.m2\repository\org\objenesis\objenesis\2.6\objenesis-2.6.jar;"/>
    <property name="java.vm.vendor" value="&quot;Oracle Corporation&quot;"/>
    <property name="sun.arch.data.model" value="64"/>
    <property name="user.variant" value=""/>
    <property name="java.vendor.url" value="http://java.oracle.com/"/>
    <property name="user.timezone" value="Europe/Moscow"/>
    <property name="suiteXmlFile" value="testng.xml"/>
    <property name="java.vm.specification.version" value="10"/>
    <property name="os.name" value="Windows 8.1"/>
    <property name="sun.java.launcher" value="SUN_STANDARD"/>
    <property name="user.country" value="RU"/>
    <property name="sun.boot.library.path" value="C:\Java\jdk-10.0.1\bin"/>
    <property name="sun.java.command" value="C:\Users\123\AppData\Local\Temp\surefire18080896708135542698\surefirebooter3472745722295796769.jar C:\Users\123\AppData\Local\Temp\surefire18080896708135542698 2018-11-12T00-58-07_561-jvmRun1 surefire2433303319152920124tmp surefire_01280723977321055884tmp"/>
    <property name="jdk.debug" value="release"/>
    <property name="surefire.test.class.path" value="C:\IdeaProjects\testngmaven\target\test-classes;C:\IdeaProjects\testngmaven\target\classes;C:\Users\123\.m2\repository\org\testng\testng\6.14.3\testng-6.14.3.jar;C:\Users\123\.m2\repository\com\beust\jcommander\1.72\jcommander-1.72.jar;C:\Users\123\.m2\repository\org\apache-extras\beanshell\bsh\2.0b6\bsh-2.0b6.jar;C:\Users\123\.m2\repository\org\mockito\mockito-core\2.23.0\mockito-core-2.23.0.jar;C:\Users\123\.m2\repository\net\bytebuddy\byte-buddy\1.9.0\byte-buddy-1.9.0.jar;C:\Users\123\.m2\repository\net\bytebuddy\byte-buddy-agent\1.9.0\byte-buddy-agent-1.9.0.jar;C:\Users\123\.m2\repository\org\objenesis\objenesis\2.6\objenesis-2.6.jar;"/>
    <property name="sun.cpu.endian" value="little"/>
    <property name="user.home" value="C:\Users\123"/>
    <property name="user.language" value="ru"/>
    <property name="java.specification.vendor" value="Oracle Corporation"/>
    <property name="java.version.date" value="2018-04-17"/>
    <property name="java.home" value="C:\Java\jdk-10.0.1"/>
    <property name="file.separator" value="\"/>
    <property name="basedir" value="C:\IdeaProjects\testngmaven"/>
    <property name="java.vm.compressedOopsMode" value="32-bit"/>
    <property name="line.separator" value="&#10;"/>
    <property name="java.specification.name" value="Java Platform API Specification"/>
    <property name="java.vm.specification.vendor" value="Oracle Corporation"/>
    <property name="java.awt.graphicsenv" value="sun.awt.Win32GraphicsEnvironment"/>
    <property name="surefire.real.class.path" value="C:\Users\123\AppData\Local\Temp\surefire18080896708135542698\surefirebooter3472745722295796769.jar"/>
    <property name="user.script" value=""/>
    <property name="sun.management.compiler" value="HotSpot 64-Bit Tiered Compilers"/>
    <property name="java.runtime.version" value="10.0.1+10"/>
    <property name="user.name" value="123"/>
    <property name="path.separator" value=";"/>
    <property name="os.version" value="6.3"/>
    <property name="java.runtime.name" value="Java(TM) SE Runtime Environment"/>
    <property name="file.encoding" value="Cp1251"/>
    <property name="java.vm.name" value="Java HotSpot(TM) 64-Bit Server VM"/>
    <property name="java.vendor.version" value="18.3"/>
    <property name="localRepository" value="C:\Users\123\.m2\repository"/>
    <property name="java.vendor.url.bug" value="http://bugreport.java.com/bugreport/"/>
    <property name="java.io.tmpdir" value="C:\Users\123\AppData\Local\Temp\"/>
    <property name="java.version" value="10.0.1"/>
    <property name="user.dir" value="C:\IdeaProjects\testngmaven"/>
    <property name="os.arch" value="amd64"/>
    <property name="java.vm.specification.name" value="Java Virtual Machine Specification"/>
    <property name="java.awt.printerjob" value="sun.awt.windows.WPrinterJob"/>
    <property name="sun.os.patch.level" value=""/>
    <property name="java.library.path" value="C:\Java\jdk-10.0.1\bin;C:\WINDOWS\Sun\Java\bin;C:\WINDOWS\system32;C:\WINDOWS;C:\Program Files (x86)\Common Files\Oracle\Java\javapath;C:\ProgramData\Oracle\Java\javapath;C:\Program Files (x86)\NVIDIA Corporation\PhysX\Common;c:\Program Files (x86)\Intel\iCLS Client\;c:\Program Files\Intel\iCLS Client\;c:\Program Files (x86)\AMD APP\bin\x86_64;c:\Program Files (x86)\AMD APP\bin\x86;C:\WINDOWS\system32;C:\WINDOWS;C:\WINDOWS\System32\Wbem;C:\WINDOWS\System32\WindowsPowerShell\v1.0\;C:\Program Files (x86)\Intel\OpenCL SDK\3.0\bin\x86;C:\Program Files (x86)\Intel\OpenCL SDK\3.0\bin\x64;c:\Program Files (x86)\ATI Technologies\ATI.ACE\Core-Static;C:\Program Files\Intel\Intel(R) Management Engine Components\DAL;C:\Program Files\Intel\Intel(R) Management Engine Components\IPT;C:\Program Files (x86)\Intel\Intel(R) Management Engine Components\DAL;C:\Program Files (x86)\Intel\Intel(R) Management Engine Components\IPT;C:\Program Files (x86)\Windows Live\Shared;C:\Program Files (x86)\Skype\Phone\;C:\WINDOWS\system32\config\systemprofile\.dnx\bin;C:\Program Files\Microsoft DNX\Dnvm\;C:\Program Files\Microsoft SQL Server\130\Tools\Binn\;C:\Program Files (x86)\Windows Kits\8.1\Windows Performance Toolkit\;C:\Program Files (x86)\Matlab_2014\runtime\win64;C:\Program Files (x86)\Matlab_2014\bin;C:\Program Files (x86)\Matlab_2014\polyspace\bin;C:\cygwin64;C:\Users\123\AppData\Local\Programs\Python\Python35-32;C:\Users\123\AppData\Local\Programs\Python\Python35-32\Scripts;C:\Program Files\doxygen\bin;C:\Program Files (x86)\Microsoft SQL Server\Client SDK\ODBC\130\Tools\Binn\;C:\Program Files (x86)\Microsoft SQL Server\130\Tools\Binn\;C:\Program Files (x86)\Microsoft SQL Server\130\DTS\Binn\;C:\Program Files (x86)\Microsoft SQL Server\130\Tools\Binn\ManagementStudio\;C:\Program Files\Microsoft SQL Server\120\DTS\Binn\;C:\Program Files\Microsoft SQL Server\Client SDK\ODBC\110\Tools\Binn\;C:\Program Files (x86)\Microsoft SQL Server\120\Tools\Binn\;C:\Program Files\Microsoft SQL Server\120\Tools\Binn\;C:\Program Files (x86)\Microsoft SQL Server\120\Tools\Binn\ManagementStudio\;C:\Program Files (x86)\Microsoft SQL Server\120\DTS\Binn\;C:\Program Files\Git\cmd;C:\Program Files (x86)\GtkSharp\2.12\bin;C:\Program Files\nodejs\;C:\Program Files (x86)\Microsoft VS Code\bin;C:\Java\jdk-10.0.1\bin;C:\apache-maven-3.6.0\bin;C:\Users\123\AppData\Roaming\npm;C:\MongoDB\Server\3.6\bin;C:\Java\jdk-10.0.1\bin;."/>
    <property name="java.vendor" value="Oracle Corporation"/>
    <property name="java.vm.info" value="mixed mode"/>
    <property name="java.vm.version" value="10.0.1+10"/>
    <property name="sun.io.unicode.encoding" value="UnicodeLittle"/>
    <property name="java.class.version" value="54.0"/>
  </properties>
  <testcase name="testPenDoSomethingElse_ShouldDoSomethingElse" classname="com.test.classes.TestPen" time="0.539"/>
  <testcase name="testPenGetColor_ShouldNotPrintColor" classname="com.test.classes.TestPen" time="0.009">
    <failure message="expected [BLUE] but found []" type="java.lang.AssertionError">java.lang.AssertionError: expected [BLUE] but found []
	at com.test.classes.TestPen.testPenGetColor_ShouldNotPrintColor(TestPen.java:84)
</failure>
  </testcase>
  <testcase name="testPenGetColor_ShouldPrintRightColor" classname="com.test.classes.TestPen" time="0">
    <failure message="expected [BLUE] but found [RED]" type="java.lang.AssertionError">java.lang.AssertionError: expected [BLUE] but found [RED]
	at com.test.classes.TestPen.testPenGetColor_ShouldPrintRightColor(TestPen.java:77)
</failure>
  </testcase>
  <testcase name="testPenIsWork_IsPenWork" classname="com.test.classes.TestPen" time="0"/>
  <testcase name="testPenIsWork_IsPenWorkIfContEmpty" classname="com.test.classes.TestPen" time="0.001">
    <failure message="expected [false] but found [true]" type="java.lang.AssertionError">java.lang.AssertionError: expected [false] but found [true]
	at com.test.classes.TestPen.testPenIsWork_IsPenWorkIfContEmpty(TestPen.java:54)
</failure>
  </testcase>
  <testcase name="testPenIsWork_IsPenWorkIfContEmpty" classname="com.test.classes.TestPen" time="0">
    <failure message="expected [false] but found [true]" type="java.lang.AssertionError">java.lang.AssertionError: expected [false] but found [true]
	at com.test.classes.TestPen.testPenIsWork_IsPenWorkIfContEmpty(TestPen.java:54)
</failure>
  </testcase>
  <testcase name="testPenWrite_ShouldWriteAnything" classname="com.test.classes.TestPen" time="0.001">
    <failure message="expected [] but found [qwertyu]" type="java.lang.AssertionError">java.lang.AssertionError: expected [] but found [qwertyu]
	at com.test.classes.TestPen.testPenWrite_ShouldWriteAnything(TestPen.java:103)
</failure>
  </testcase>
  <testcase name="testPenWrite_ShouldWriteAnything" classname="com.test.classes.TestPen" time="0"/>
  <testcase name="testPenWrite_ShouldWriteAnything" classname="com.test.classes.TestPen" time="0"/>
  <testcase name="testPenWrite_ShouldWriteAnything" classname="com.test.classes.TestPen" time="0.001"/>
  <testcase name="testPenWrite_ShouldWriteAnything" classname="com.test.classes.TestPen" time="0"/>
  <testcase name="testPen_constructorWithOneParametr" classname="com.test.classes.TestPen" time="0"/>
  <testcase name="testPen_constructorWithThreeParametr" classname="com.test.classes.TestPen" time="0"/>
  <testcase name="testPen_constructorWithTwoParametr" classname="com.test.classes.TestPen" time="0"/>
</testsuite>